c:\users\alexander\onedrive\робочий стіл\eleks\recipesbook\recipesbook\debug\vc142.pdb
c:\users\alexander\onedrive\робочий стіл\eleks\recipesbook\recipesbook\debug\.netframework,version=v4.7.2.assemblyattributes.obj
c:\users\alexander\onedrive\робочий стіл\eleks\recipesbook\recipesbook\debug\showrecipe.obj
c:\users\alexander\onedrive\робочий стіл\eleks\recipesbook\recipesbook\debug\mainform.obj
c:\users\alexander\onedrive\робочий стіл\eleks\recipesbook\recipesbook\debug\addrecipe.obj
c:\users\alexander\onedrive\робочий стіл\eleks\recipesbook\recipesbook\debug\recipesbook.obj
c:\users\alexander\onedrive\робочий стіл\eleks\recipesbook\recipesbook\debug\product.obj
c:\users\alexander\onedrive\робочий стіл\eleks\recipesbook\recipesbook\debug\dish.obj
c:\users\alexander\onedrive\робочий стіл\eleks\recipesbook\recipesbook\debug\client.obj
c:\users\alexander\onedrive\робочий стіл\eleks\recipesbook\recipesbook\debug\recipebook.obj
c:\users\alexander\onedrive\робочий стіл\eleks\recipesbook\debug\recipesbook.exe
c:\users\alexander\onedrive\робочий стіл\eleks\recipesbook\debug\recipesbook.pdb
c:\users\alexander\onedrive\робочий стіл\eleks\recipesbook\recipesbook\debug\recipesbook.addrecipe.resources
c:\users\alexander\onedrive\робочий стіл\eleks\recipesbook\recipesbook\debug\recipesbook.mainform.resources
c:\users\alexander\onedrive\робочий стіл\eleks\recipesbook\recipesbook\debug\recipesbook.showrecipe.resources
c:\users\alexander\onedrive\робочий стіл\eleks\recipesbook\recipesbook\debug\recipesbook.tlog\cl.command.1.tlog
c:\users\alexander\onedrive\робочий стіл\eleks\recipesbook\recipesbook\debug\recipesbook.tlog\cl.read.1.tlog
c:\users\alexander\onedrive\робочий стіл\eleks\recipesbook\recipesbook\debug\recipesbook.tlog\cl.write.1.tlog
c:\users\alexander\onedrive\робочий стіл\eleks\recipesbook\recipesbook\debug\recipesbook.tlog\link.command.1.tlog
c:\users\alexander\onedrive\робочий стіл\eleks\recipesbook\recipesbook\debug\recipesbook.tlog\link.read.1.tlog
c:\users\alexander\onedrive\робочий стіл\eleks\recipesbook\recipesbook\debug\recipesbook.tlog\link.write.1.tlog
c:\users\alexander\onedrive\робочий стіл\eleks\recipesbook\recipesbook\debug\recipesbook.tlog\metagen.read.1.tlog
c:\users\alexander\onedrive\робочий стіл\eleks\recipesbook\recipesbook\debug\recipesbook.tlog\metagen.write.1.tlog
c:\users\alexander\onedrive\робочий стіл\eleks\recipesbook\recipesbook\debug\recipesbook.tlog\recipesbook.write.1u.tlog
